<?xml version="1.0" encoding="UTF-8"?>
<!-- Generated by org.testng.reporters.JUnitReportReporter -->
<testsuite skipped="0" hostname="Shashank-PC" name="docker.ChromeOnGrid1" tests="1" failures="0" timestamp="05 Oct 2019 16:56:21 GMT" time="39.349" errors="0">
  <testcase name="test1" time="39.349" classname="docker.ChromeOnGrid1"/>
</testsuite> <!-- docker.ChromeOnGrid1 -->
