<?xml version="1.0" encoding="UTF-8"?>
<!-- Generated by org.testng.reporters.JUnitReportReporter -->
<testsuite skipped="0" hostname="Shashank-PC" name="docker.ChromeOnGrid2" tests="1" failures="0" timestamp="05 Oct 2019 14:55:42 GMT" time="68.808" errors="0">
  <testcase name="test2" time="68.808" classname="docker.ChromeOnGrid2"/>
</testsuite> <!-- docker.ChromeOnGrid2 -->
