<?xml version="1.0" encoding="UTF-8"?>
<!-- Generated by org.testng.reporters.JUnitReportReporter -->
<testsuite skipped="0" hostname="Shashank-PC" name="docker.FirefoxOnGrid4" tests="1" failures="0" timestamp="05 Oct 2019 16:56:21 GMT" time="112.821" errors="0">
  <testcase name="test4" time="112.821" classname="docker.FirefoxOnGrid4"/>
</testsuite> <!-- docker.FirefoxOnGrid4 -->
