<?xml version="1.0" encoding="UTF-8"?>
<!-- Generated by org.testng.reporters.JUnitReportReporter -->
<testsuite skipped="0" hostname="Shashank-PC" name="docker.ChromeOnGrid3" tests="1" failures="0" timestamp="05 Oct 2019 14:55:42 GMT" time="96.028" errors="0">
  <testcase name="test3" time="96.028" classname="docker.ChromeOnGrid3"/>
</testsuite> <!-- docker.ChromeOnGrid3 -->
