<?xml version="1.0" encoding="UTF-8"?>
<!-- Generated by org.testng.reporters.JUnitReportReporter -->
<testsuite skipped="0" hostname="Shashank-PC" name="docker.SetupDockerGrid" tests="2" failures="0" timestamp="05 Oct 2019 16:49:50 GMT" time="40.084" errors="0">
  <testcase name="startDockerGrid" time="30.061" classname="docker.SetupDockerGrid"/>
  <testcase name="stopDockerGrid" time="10.023" classname="docker.SetupDockerGrid"/>
</testsuite> <!-- docker.SetupDockerGrid -->
